Using pre-set license
Built from '2020.3/staging' branch; Version is '2020.3.29f1 (2ff179115da0) revision 3142009'; Using compiler version '192528614'; Build Type 'Release'
OS: 'Windows 10  (10.0.19044) 64bit Core' Language: 'en' Physical Memory: 16310 MB
BatchMode: 1, IsHumanControllingUs: 0, StartBugReporterOnCrash: 0, Is64bit: 1, IsPro: 0

COMMAND LINE ARGUMENTS:
C:\Program Files\Unity\Hub\Editor\2020.3.29f1\Editor\Unity.exe
-adb2
-batchMode
-noUpm
-name
AssetImportWorker0
-projectPath
E:/game games/Sudoku/My project
-logFile
Logs/AssetImportWorker0.log
-srvPort
59330
Successfully changed project path to: E:/game games/Sudoku/My project
E:/game games/Sudoku/My project
Using Asset Import Pipeline V2.
Refreshing native plugins compatible for Editor in 43.78 ms, found 3 plugins.
Preloading 0 native plugins for Editor in 0.00 ms.
Initialize engine version: 2020.3.29f1 (2ff179115da0)
[Subsystems] Discovering subsystems at path C:/Program Files/Unity/Hub/Editor/2020.3.29f1/Editor/Data/Resources/UnitySubsystems
[Subsystems] Discovering subsystems at path E:/game games/Sudoku/My project/Assets
GfxDevice: creating device client; threaded=0
Direct3D:
    Version:  Direct3D 11.0 [level 11.1]
    Renderer: NVIDIA GeForce RTX 2060 (ID=0x1e89)
    Vendor:   
    VRAM:     5968 MB
    Driver:   30.0.15.1215
Initialize mono
Mono path[0] = 'C:/Program Files/Unity/Hub/Editor/2020.3.29f1/Editor/Data/Managed'
Mono path[1] = 'C:/Program Files/Unity/Hub/Editor/2020.3.29f1/Editor/Data/MonoBleedingEdge/lib/mono/unityjit'
Mono config path = 'C:/Program Files/Unity/Hub/Editor/2020.3.29f1/Editor/Data/MonoBleedingEdge/etc'
Using monoOptions --debugger-agent=transport=dt_socket,embedding=1,server=y,suspend=n,address=127.0.0.1:56868
Begin MonoManager ReloadAssembly
Registering precompiled unity dll's ...
Register platform support module: C:/Program Files/Unity/Hub/Editor/2020.3.29f1/Editor/Data/PlaybackEngines/WindowsStandaloneSupport/UnityEditor.WindowsStandalone.Extensions.dll
Registered in 0.001926 seconds.
Native extension for WindowsStandalone target not found
Refreshing native plugins compatible for Editor in 46.31 ms, found 3 plugins.
Preloading 0 native plugins for Editor in 0.00 ms.
Mono: successfully reloaded assembly
- Completed reload, in  0.528 seconds
Domain Reload Profiling:
	ReloadAssembly (528ms)
		BeginReloadAssembly (56ms)
			ExecutionOrderSort (0ms)
			DisableScriptedObjects (0ms)
			BackupInstance (0ms)
			ReleaseScriptingObjects (0ms)
			CreateAndSetChildDomain (1ms)
		EndReloadAssembly (405ms)
			LoadAssemblies (54ms)
			RebuildTransferFunctionScriptingTraits (0ms)
			SetupTypeCache (128ms)
			ReleaseScriptCaches (0ms)
			RebuildScriptCaches (26ms)
			SetupLoadedEditorAssemblies (159ms)
				LogAssemblyErrors (0ms)
				InitializePlatformSupportModulesInManaged (4ms)
				SetLoadedEditorAssemblies (0ms)
				RefreshPlugins (46ms)
				BeforeProcessingInitializeOnLoad (16ms)
				ProcessInitializeOnLoadAttributes (69ms)
				ProcessInitializeOnLoadMethodAttributes (24ms)
				AfterProcessingInitializeOnLoad (0ms)
				EditorAssembliesLoaded (0ms)
			ExecutionOrderSort2 (0ms)
			AwakeInstancesAfterBackupRestoration (0ms)
Platform modules already initialized, skipping
Registering precompiled user dll's ...
Registered in 0.002241 seconds.
Begin MonoManager ReloadAssembly
Native extension for WindowsStandalone target not found
Refreshing native plugins compatible for Editor in 43.27 ms, found 3 plugins.
Preloading 0 native plugins for Editor in 0.00 ms.
Mono: successfully reloaded assembly
- Completed reload, in  0.954 seconds
Domain Reload Profiling:
	ReloadAssembly (955ms)
		BeginReloadAssembly (135ms)
			ExecutionOrderSort (0ms)
			DisableScriptedObjects (4ms)
			BackupInstance (0ms)
			ReleaseScriptingObjects (0ms)
			CreateAndSetChildDomain (19ms)
		EndReloadAssembly (765ms)
			LoadAssemblies (87ms)
			RebuildTransferFunctionScriptingTraits (0ms)
			SetupTypeCache (245ms)
			ReleaseScriptCaches (1ms)
			RebuildScriptCaches (42ms)
			SetupLoadedEditorAssemblies (298ms)
				LogAssemblyErrors (0ms)
				InitializePlatformSupportModulesInManaged (3ms)
				SetLoadedEditorAssemblies (0ms)
				RefreshPlugins (43ms)
				BeforeProcessingInitializeOnLoad (72ms)
				ProcessInitializeOnLoadAttributes (159ms)
				ProcessInitializeOnLoadMethodAttributes (14ms)
				AfterProcessingInitializeOnLoad (6ms)
				EditorAssembliesLoaded (0ms)
			ExecutionOrderSort2 (0ms)
			AwakeInstancesAfterBackupRestoration (5ms)
Platform modules already initialized, skipping
========================================================================
Worker process is ready to serve import requests
Launched and connected shader compiler UnityShaderCompiler.exe after 0.04 seconds
Refreshing native plugins compatible for Editor in 0.63 ms, found 3 plugins.
Preloading 0 native plugins for Editor in 0.00 ms.
Unloading 2226 Unused Serialized files (Serialized files now loaded: 0)
System memory in use before: 98.6 MB.
System memory in use after: 98.5 MB.

Unloading 31 unused Assets to reduce memory usage. Loaded Objects now: 2658.
Total: 3.051200 ms (FindLiveObjects: 0.189700 ms CreateObjectMapping: 0.047000 ms MarkObjects: 2.673800 ms  DeleteObjects: 0.139900 ms)

AssetImportParameters requested are different than current active one (requested -> active):
  custom:framework-win-MediaFoundation: 216162199b28c13a410421893ffa2e32 -> 
  custom:video-decoder-ogg-theora: a1e56fd34408186e4bbccfd4996cb3dc -> 
  custom:container-muxer-webm: aa71ff27fc2769a1b78a27578f13a17b -> 
  custom:container-demuxer-webm: 4f35f7cbe854078d1ac9338744f61a02 -> 
  custom:container-demuxer-ogg: 62fdf1f143b41e24485cea50d1cbac27 -> 
  custom:video-encoder-webm-vp8: eb34c28f22e8b96e1ab97ce403110664 -> 
  custom:video-decoder-webm-vp8: 9c59270c3fd7afecdb556c50c9e8de78 -> 
  custom:audio-decoder-ogg-vorbis: bf7c407c2cedff20999df2af8eb42d56 -> 
  custom:audio-encoder-webm-vorbis: bf7c407c2cedff20999df2af8eb42d56 -> 
========================================================================
Received Import Request.
  path: Assets/Scenes/GameScene.unity
  artifactKey: Guid(832a167749b89764988a8a1ba3fb6b07) Importer(815301076,1909f56bfc062723c751e8b465ee728b)
Start importing Assets/Scenes/GameScene.unity using Guid(832a167749b89764988a8a1ba3fb6b07) Importer(815301076,1909f56bfc062723c751e8b465ee728b)  -> (artifact id: '15312179b97464e424e5ec166a5ad230') in 0.036323 seconds 
  Import took 0.060970 seconds .

========================================================================
Received Import Request.
  Time since last request: 1.844604 seconds.
  path: Assets/Scenes/MainMenu.unity
  artifactKey: Guid(2cda990e2423bbf4892e6590ba056729) Importer(815301076,1909f56bfc062723c751e8b465ee728b)
Start importing Assets/Scenes/MainMenu.unity using Guid(2cda990e2423bbf4892e6590ba056729) Importer(815301076,1909f56bfc062723c751e8b465ee728b)  -> (artifact id: 'bc62addd8165ce3cf09172e587d9bd2f') in 0.005296 seconds 
  Import took 0.044221 seconds .

========================================================================
Received Prepare
Registering precompiled user dll's ...
Registered in 0.002399 seconds.
Begin MonoManager ReloadAssembly
Native extension for WindowsStandalone target not found
Refreshing native plugins compatible for Editor in 0.86 ms, found 3 plugins.
Preloading 0 native plugins for Editor in 0.00 ms.
Mono: successfully reloaded assembly
- Completed reload, in  0.935 seconds
Domain Reload Profiling:
	ReloadAssembly (935ms)
		BeginReloadAssembly (123ms)
			ExecutionOrderSort (0ms)
			DisableScriptedObjects (5ms)
			BackupInstance (0ms)
			ReleaseScriptingObjects (0ms)
			CreateAndSetChildDomain (39ms)
		EndReloadAssembly (753ms)
			LoadAssemblies (88ms)
			RebuildTransferFunctionScriptingTraits (0ms)
			SetupTypeCache (253ms)
			ReleaseScriptCaches (1ms)
			RebuildScriptCaches (38ms)
			SetupLoadedEditorAssemblies (280ms)
				LogAssemblyErrors (0ms)
				InitializePlatformSupportModulesInManaged (5ms)
				SetLoadedEditorAssemblies (1ms)
				RefreshPlugins (1ms)
				BeforeProcessingInitializeOnLoad (85ms)
				ProcessInitializeOnLoadAttributes (172ms)
				ProcessInitializeOnLoadMethodAttributes (10ms)
				AfterProcessingInitializeOnLoad (7ms)
				EditorAssembliesLoaded (0ms)
			ExecutionOrderSort2 (0ms)
			AwakeInstancesAfterBackupRestoration (8ms)
Platform modules already initialized, skipping
Refreshing native plugins compatible for Editor in 0.67 ms, found 3 plugins.
Preloading 0 native plugins for Editor in 0.00 ms.
Unloading 2208 Unused Serialized files (Serialized files now loaded: 0)
System memory in use before: 97.3 MB.
System memory in use after: 97.2 MB.

Unloading 20 unused Assets to reduce memory usage. Loaded Objects now: 2660.
Total: 3.035300 ms (FindLiveObjects: 0.222700 ms CreateObjectMapping: 0.047600 ms MarkObjects: 2.633200 ms  DeleteObjects: 0.130900 ms)

AssetImportParameters requested are different than current active one (requested -> active):
  custom:framework-win-MediaFoundation: 216162199b28c13a410421893ffa2e32 -> 
  custom:video-decoder-ogg-theora: a1e56fd34408186e4bbccfd4996cb3dc -> 
  custom:container-muxer-webm: aa71ff27fc2769a1b78a27578f13a17b -> 
  custom:container-demuxer-webm: 4f35f7cbe854078d1ac9338744f61a02 -> 
  custom:container-demuxer-ogg: 62fdf1f143b41e24485cea50d1cbac27 -> 
  custom:video-encoder-webm-vp8: eb34c28f22e8b96e1ab97ce403110664 -> 
  custom:video-decoder-webm-vp8: 9c59270c3fd7afecdb556c50c9e8de78 -> 
  custom:audio-decoder-ogg-vorbis: bf7c407c2cedff20999df2af8eb42d56 -> 
  custom:audio-encoder-webm-vorbis: bf7c407c2cedff20999df2af8eb42d56 -> 
========================================================================
Received Prepare
Registering precompiled user dll's ...
Registered in 0.003365 seconds.
Begin MonoManager ReloadAssembly
Native extension for WindowsStandalone target not found
Refreshing native plugins compatible for Editor in 0.62 ms, found 3 plugins.
Preloading 0 native plugins for Editor in 0.00 ms.
Mono: successfully reloaded assembly
- Completed reload, in  1.063 seconds
Domain Reload Profiling:
	ReloadAssembly (1064ms)
		BeginReloadAssembly (117ms)
			ExecutionOrderSort (0ms)
			DisableScriptedObjects (5ms)
			BackupInstance (0ms)
			ReleaseScriptingObjects (0ms)
			CreateAndSetChildDomain (38ms)
		EndReloadAssembly (878ms)
			LoadAssemblies (96ms)
			RebuildTransferFunctionScriptingTraits (0ms)
			SetupTypeCache (315ms)
			ReleaseScriptCaches (1ms)
			RebuildScriptCaches (58ms)
			SetupLoadedEditorAssemblies (301ms)
				LogAssemblyErrors (0ms)
				InitializePlatformSupportModulesInManaged (4ms)
				SetLoadedEditorAssemblies (0ms)
				RefreshPlugins (1ms)
				BeforeProcessingInitializeOnLoad (77ms)
				ProcessInitializeOnLoadAttributes (196ms)
				ProcessInitializeOnLoadMethodAttributes (11ms)
				AfterProcessingInitializeOnLoad (12ms)
				EditorAssembliesLoaded (0ms)
			ExecutionOrderSort2 (0ms)
			AwakeInstancesAfterBackupRestoration (9ms)
Platform modules already initialized, skipping
Refreshing native plugins compatible for Editor in 0.69 ms, found 3 plugins.
Preloading 0 native plugins for Editor in 0.00 ms.
Unloading 2208 Unused Serialized files (Serialized files now loaded: 0)
System memory in use before: 97.3 MB.
System memory in use after: 97.3 MB.

Unloading 20 unused Assets to reduce memory usage. Loaded Objects now: 2662.
Total: 3.485600 ms (FindLiveObjects: 0.318200 ms CreateObjectMapping: 0.050400 ms MarkObjects: 2.969700 ms  DeleteObjects: 0.145800 ms)

AssetImportParameters requested are different than current active one (requested -> active):
  custom:framework-win-MediaFoundation: 216162199b28c13a410421893ffa2e32 -> 
  custom:video-decoder-ogg-theora: a1e56fd34408186e4bbccfd4996cb3dc -> 
  custom:container-muxer-webm: aa71ff27fc2769a1b78a27578f13a17b -> 
  custom:container-demuxer-webm: 4f35f7cbe854078d1ac9338744f61a02 -> 
  custom:container-demuxer-ogg: 62fdf1f143b41e24485cea50d1cbac27 -> 
  custom:video-encoder-webm-vp8: eb34c28f22e8b96e1ab97ce403110664 -> 
  custom:video-decoder-webm-vp8: 9c59270c3fd7afecdb556c50c9e8de78 -> 
  custom:audio-decoder-ogg-vorbis: bf7c407c2cedff20999df2af8eb42d56 -> 
  custom:audio-encoder-webm-vorbis: bf7c407c2cedff20999df2af8eb42d56 -> 
========================================================================
Received Import Request.
  Time since last request: 83.493086 seconds.
  path: Assets/Scripts/SudokuData.cs
  artifactKey: Guid(64b9978d12ee9924b82207b9b8d1b7b1) Importer(815301076,1909f56bfc062723c751e8b465ee728b)
Start importing Assets/Scripts/SudokuData.cs using Guid(64b9978d12ee9924b82207b9b8d1b7b1) Importer(815301076,1909f56bfc062723c751e8b465ee728b)  -> (artifact id: 'fa1c566e617a209eefb17847c4847e99') in 0.061223 seconds 
  Import took 0.079156 seconds .

========================================================================
Received Import Request.
  Time since last request: 5803.789655 seconds.
  path: Assets/Images/Frame 6 (1).png
  artifactKey: Guid(9466e03c400aa3243a00baa98f488959) Importer(815301076,1909f56bfc062723c751e8b465ee728b)
Start importing Assets/Images/Frame 6 (1).png using Guid(9466e03c400aa3243a00baa98f488959) Importer(815301076,1909f56bfc062723c751e8b465ee728b)  -> (artifact id: '0117fde4162a42c4786186500679a160') in 0.254491 seconds 
  Import took 0.323090 seconds .

========================================================================
Received Import Request.
  Time since last request: 150.000564 seconds.
  path: Assets/Images/Frame 6 (1) 1.png
  artifactKey: Guid(0ab09695ac13ccb4ebb1ffd099ac493d) Importer(815301076,1909f56bfc062723c751e8b465ee728b)
Start importing Assets/Images/Frame 6 (1) 1.png using Guid(0ab09695ac13ccb4ebb1ffd099ac493d) Importer(815301076,1909f56bfc062723c751e8b465ee728b)  -> (artifact id: 'd903d31708362f6cea8545593905c394') in 0.018492 seconds 
  Import took 0.033450 seconds .

========================================================================
Received Import Request.
  Time since last request: 96.671621 seconds.
  path: Assets/Images/Frame 6 (1).png
  artifactKey: Guid(9466e03c400aa3243a00baa98f488959) Importer(815301076,1909f56bfc062723c751e8b465ee728b)
Start importing Assets/Images/Frame 6 (1).png using Guid(9466e03c400aa3243a00baa98f488959) Importer(815301076,1909f56bfc062723c751e8b465ee728b)  -> (artifact id: '5160a463c7af6e6b3545256b927ab369') in 0.012915 seconds 
  Import took 0.038092 seconds .

========================================================================
Received Import Request.
  Time since last request: 77.961945 seconds.
  path: Assets/Images/Frame 6 (1).png
  artifactKey: Guid(9466e03c400aa3243a00baa98f488959) Importer(815301076,1909f56bfc062723c751e8b465ee728b)
Start importing Assets/Images/Frame 6 (1).png using Guid(9466e03c400aa3243a00baa98f488959) Importer(815301076,1909f56bfc062723c751e8b465ee728b)  -> (artifact id: '6fad422ac74694d95c98ccf059aa22b3') in 0.014029 seconds 
  Import took 0.031677 seconds .

========================================================================
Received Import Request.
  Time since last request: 410.281261 seconds.
  path: Assets/Images/actual pause.png
  artifactKey: Guid(5f386241875b53b42b2b17182cd04092) Importer(815301076,1909f56bfc062723c751e8b465ee728b)
Start importing Assets/Images/actual pause.png using Guid(5f386241875b53b42b2b17182cd04092) Importer(815301076,1909f56bfc062723c751e8b465ee728b)  -> (artifact id: '7c8696f90c293721afc8ce2bc71c1a67') in 0.015413 seconds 
  Import took 0.025072 seconds .

========================================================================
Received Import Request.
  Time since last request: 3.165735 seconds.
  path: Assets/Images/pause.png
  artifactKey: Guid(52c6e81dd15872c4e813be99fbf1d03b) Importer(815301076,1909f56bfc062723c751e8b465ee728b)
Start importing Assets/Images/pause.png using Guid(52c6e81dd15872c4e813be99fbf1d03b) Importer(815301076,1909f56bfc062723c751e8b465ee728b)  -> (artifact id: '1543327770642ef2e33c9a8fde779745') in 0.013851 seconds 
  Import took 0.018454 seconds .

========================================================================
Received Import Request.
  Time since last request: 774.238960 seconds.
  path: Assets/Images/notes.png
  artifactKey: Guid(add42965a1b7d77458956d91b9f0d487) Importer(815301076,1909f56bfc062723c751e8b465ee728b)
Start importing Assets/Images/notes.png using Guid(add42965a1b7d77458956d91b9f0d487) Importer(815301076,1909f56bfc062723c751e8b465ee728b)  -> (artifact id: 'd1c1a9253b334388e2e0a7f1936392a0') in 0.014300 seconds 
  Import took 0.041587 seconds .

========================================================================
Received Import Request.
  Time since last request: 64.238583 seconds.
  path: Assets/Images/notes on.png
  artifactKey: Guid(a2b79a3877fcf3f49964915851866676) Importer(815301076,1909f56bfc062723c751e8b465ee728b)
Start importing Assets/Images/notes on.png using Guid(a2b79a3877fcf3f49964915851866676) Importer(815301076,1909f56bfc062723c751e8b465ee728b)  -> (artifact id: '14bed3f6580e75070d342b526a2ea9a1') in 0.014140 seconds 
  Import took 0.040859 seconds .

========================================================================
Received Import Request.
  Time since last request: 398.660170 seconds.
  path: Assets/Images/1.png
  artifactKey: Guid(c37c7887e0f338f49b0dd1b50bdcc22c) Importer(815301076,1909f56bfc062723c751e8b465ee728b)
Start importing Assets/Images/1.png using Guid(c37c7887e0f338f49b0dd1b50bdcc22c) Importer(815301076,1909f56bfc062723c751e8b465ee728b)  -> (artifact id: '470cd2b8bf0241dd4a54f0d1c12da040') in 0.038644 seconds 
  Import took 0.063795 seconds .

========================================================================
Received Import Request.
  Time since last request: 24.353330 seconds.
  path: Assets/Images/1.png
  artifactKey: Guid(c37c7887e0f338f49b0dd1b50bdcc22c) Importer(815301076,1909f56bfc062723c751e8b465ee728b)
Start importing Assets/Images/1.png using Guid(c37c7887e0f338f49b0dd1b50bdcc22c) Importer(815301076,1909f56bfc062723c751e8b465ee728b)  -> (artifact id: 'd01ea50a296fbd96f8ef88d18ecfc5c3') in 0.011269 seconds 
  Import took 0.042621 seconds .

========================================================================
Received Import Request.
  Time since last request: 62.528616 seconds.
  path: Assets/Images/1.png
  artifactKey: Guid(c37c7887e0f338f49b0dd1b50bdcc22c) Importer(815301076,1909f56bfc062723c751e8b465ee728b)
Start importing Assets/Images/1.png using Guid(c37c7887e0f338f49b0dd1b50bdcc22c) Importer(815301076,1909f56bfc062723c751e8b465ee728b)  -> (artifact id: 'edae8b397bd615a8b6184533961b51fc') in 0.012305 seconds 
  Import took 0.023512 seconds .

========================================================================
Received Import Request.
  Time since last request: 70.806360 seconds.
  path: Assets/Images/1.png
  artifactKey: Guid(c37c7887e0f338f49b0dd1b50bdcc22c) Importer(815301076,1909f56bfc062723c751e8b465ee728b)
Start importing Assets/Images/1.png using Guid(c37c7887e0f338f49b0dd1b50bdcc22c) Importer(815301076,1909f56bfc062723c751e8b465ee728b)  -> (artifact id: '25dcdd792d92723a111596379d11e237') in 0.009987 seconds 
  Import took 0.026836 seconds .

========================================================================
Received Import Request.
  Time since last request: 146.452410 seconds.
  path: Assets/Images/1.png
  artifactKey: Guid(c37c7887e0f338f49b0dd1b50bdcc22c) Importer(815301076,1909f56bfc062723c751e8b465ee728b)
Start importing Assets/Images/1.png using Guid(c37c7887e0f338f49b0dd1b50bdcc22c) Importer(815301076,1909f56bfc062723c751e8b465ee728b)  -> (artifact id: 'c5ed31dfd5541b808158c304149f1a6f') in 0.012094 seconds 
  Import took 0.028923 seconds .

========================================================================
Received Import Request.
  Time since last request: 120.156568 seconds.
  path: Assets/Images/8.png
  artifactKey: Guid(9d613694d73feba49aa2c2f715208300) Importer(815301076,1909f56bfc062723c751e8b465ee728b)
Start importing Assets/Images/8.png using Guid(9d613694d73feba49aa2c2f715208300) Importer(815301076,1909f56bfc062723c751e8b465ee728b)  -> (artifact id: 'e06acdda0104432096f2b0418616983d') in 0.025310 seconds 
  Import took 0.043018 seconds .

========================================================================
Received Import Request.
  Time since last request: 0.000290 seconds.
  path: Assets/Images/9.png
  artifactKey: Guid(30684535b38906949b925c3e295a4fe3) Importer(815301076,1909f56bfc062723c751e8b465ee728b)
Start importing Assets/Images/9.png using Guid(30684535b38906949b925c3e295a4fe3) Importer(815301076,1909f56bfc062723c751e8b465ee728b)  -> (artifact id: 'ed006773addca3d753e19398355f44b0') in 0.014520 seconds 
  Import took 0.023353 seconds .

========================================================================
Received Import Request.
  Time since last request: 9.109161 seconds.
  path: Assets/Images/2.png
  artifactKey: Guid(3076bf395265ac54e82999eb6de53851) Importer(815301076,1909f56bfc062723c751e8b465ee728b)
Start importing Assets/Images/2.png using Guid(3076bf395265ac54e82999eb6de53851) Importer(815301076,1909f56bfc062723c751e8b465ee728b)  -> (artifact id: '4e103d9e0cbec700303b9adf75e2692a') in 0.012554 seconds 
  Import took 0.025477 seconds .

========================================================================
Received Import Request.
  Time since last request: 0.000234 seconds.
  path: Assets/Images/3.png
  artifactKey: Guid(915d28e9f0ba0f3489a385c1c8873bfa) Importer(815301076,1909f56bfc062723c751e8b465ee728b)
Start importing Assets/Images/3.png using Guid(915d28e9f0ba0f3489a385c1c8873bfa) Importer(815301076,1909f56bfc062723c751e8b465ee728b)  -> (artifact id: 'add0e37207b721d23693980efd4ab3b9') in 0.017769 seconds 
  Import took 0.037602 seconds .

========================================================================
Received Import Request.
  Time since last request: 0.000192 seconds.
  path: Assets/Images/4.png
  artifactKey: Guid(11a88258987e98045b5fcc22ad740b28) Importer(815301076,1909f56bfc062723c751e8b465ee728b)
Start importing Assets/Images/4.png using Guid(11a88258987e98045b5fcc22ad740b28) Importer(815301076,1909f56bfc062723c751e8b465ee728b)  -> (artifact id: '770c22d846acd075a5a5cac8832f9e23') in 0.013974 seconds 
  Import took 0.020357 seconds .

========================================================================
Received Import Request.
  Time since last request: 0.000253 seconds.
  path: Assets/Images/7.png
  artifactKey: Guid(287ab6d040ad8264fa00da371cb81ae1) Importer(815301076,1909f56bfc062723c751e8b465ee728b)
Start importing Assets/Images/7.png using Guid(287ab6d040ad8264fa00da371cb81ae1) Importer(815301076,1909f56bfc062723c751e8b465ee728b)  -> (artifact id: '821c79c27d1b27c88132494bc76ba0f9') in 0.011951 seconds 
  Import took 0.018419 seconds .

========================================================================
Received Import Request.
  Time since last request: 0.000239 seconds.
  path: Assets/Images/5.png
  artifactKey: Guid(33c7753f1e407574aa9a05c39ce37fe0) Importer(815301076,1909f56bfc062723c751e8b465ee728b)
Start importing Assets/Images/5.png using Guid(33c7753f1e407574aa9a05c39ce37fe0) Importer(815301076,1909f56bfc062723c751e8b465ee728b)  -> (artifact id: 'bd4fe9e2cc4dff72a573f16d3d59d135') in 0.012464 seconds 
  Import took 0.024689 seconds .

========================================================================
Received Import Request.
  Time since last request: 0.000287 seconds.
  path: Assets/Images/6.png
  artifactKey: Guid(4b09019e722246e4786d8bed35ecd6fe) Importer(815301076,1909f56bfc062723c751e8b465ee728b)
Start importing Assets/Images/6.png using Guid(4b09019e722246e4786d8bed35ecd6fe) Importer(815301076,1909f56bfc062723c751e8b465ee728b)  -> (artifact id: '3b78a2b898beffd68478240381496791') in 0.011558 seconds 
  Import took 0.027431 seconds .

========================================================================
Received Import Request.
  Time since last request: 102.927527 seconds.
  path: Assets/Images/4.png
  artifactKey: Guid(11a88258987e98045b5fcc22ad740b28) Importer(815301076,1909f56bfc062723c751e8b465ee728b)
Start importing Assets/Images/4.png using Guid(11a88258987e98045b5fcc22ad740b28) Importer(815301076,1909f56bfc062723c751e8b465ee728b)  -> (artifact id: '160cc42b6f16906d5a07f1b9aac58d6c') in 0.013261 seconds 
  Import took 0.025602 seconds .

========================================================================
Received Import Request.
  Time since last request: 179.892971 seconds.
  path: Assets/Images/1.png
  artifactKey: Guid(c37c7887e0f338f49b0dd1b50bdcc22c) Importer(815301076,1909f56bfc062723c751e8b465ee728b)
Start importing Assets/Images/1.png using Guid(c37c7887e0f338f49b0dd1b50bdcc22c) Importer(815301076,1909f56bfc062723c751e8b465ee728b)  -> (artifact id: '74f21ec10ac91570c170afbc988d5dd4') in 0.012832 seconds 
  Import took 0.026455 seconds .

========================================================================
Received Import Request.
  Time since last request: 0.000225 seconds.
  path: Assets/Images/8.png
  artifactKey: Guid(9d613694d73feba49aa2c2f715208300) Importer(815301076,1909f56bfc062723c751e8b465ee728b)
Start importing Assets/Images/8.png using Guid(9d613694d73feba49aa2c2f715208300) Importer(815301076,1909f56bfc062723c751e8b465ee728b)  -> (artifact id: '65d3db4532a01a9859695cb4a720c019') in 0.010270 seconds 
  Import took 0.017463 seconds .

========================================================================
Received Import Request.
  Time since last request: 0.000250 seconds.
  path: Assets/Images/9.png
  artifactKey: Guid(30684535b38906949b925c3e295a4fe3) Importer(815301076,1909f56bfc062723c751e8b465ee728b)
Start importing Assets/Images/9.png using Guid(30684535b38906949b925c3e295a4fe3) Importer(815301076,1909f56bfc062723c751e8b465ee728b)  -> (artifact id: '656955616e5e83e932b35d494e8c3280') in 0.014158 seconds 
  Import took 0.017999 seconds .

========================================================================
Received Import Request.
  Time since last request: 9.242897 seconds.
  path: Assets/Images/2.png
  artifactKey: Guid(3076bf395265ac54e82999eb6de53851) Importer(815301076,1909f56bfc062723c751e8b465ee728b)
Start importing Assets/Images/2.png using Guid(3076bf395265ac54e82999eb6de53851) Importer(815301076,1909f56bfc062723c751e8b465ee728b)  -> (artifact id: 'ffec4dcc05120b95b4c64c0c3e1f60ca') in 0.011579 seconds 
  Import took 0.035952 seconds .

========================================================================
Received Import Request.
  Time since last request: 0.000222 seconds.
  path: Assets/Images/3.png
  artifactKey: Guid(915d28e9f0ba0f3489a385c1c8873bfa) Importer(815301076,1909f56bfc062723c751e8b465ee728b)
Start importing Assets/Images/3.png using Guid(915d28e9f0ba0f3489a385c1c8873bfa) Importer(815301076,1909f56bfc062723c751e8b465ee728b)  -> (artifact id: '469cf60b6c61253ba931a74b2ac41929') in 0.012011 seconds 
  Import took 0.015371 seconds .

========================================================================
Received Import Request.
  Time since last request: 0.000223 seconds.
  path: Assets/Images/4.png
  artifactKey: Guid(11a88258987e98045b5fcc22ad740b28) Importer(815301076,1909f56bfc062723c751e8b465ee728b)
Start importing Assets/Images/4.png using Guid(11a88258987e98045b5fcc22ad740b28) Importer(815301076,1909f56bfc062723c751e8b465ee728b)  -> (artifact id: 'a0d75b2141348987ce4d970f115caa0c') in 0.009904 seconds 
  Import took 0.012890 seconds .

========================================================================
Received Import Request.
  Time since last request: 0.000240 seconds.
  path: Assets/Images/7.png
  artifactKey: Guid(287ab6d040ad8264fa00da371cb81ae1) Importer(815301076,1909f56bfc062723c751e8b465ee728b)
Start importing Assets/Images/7.png using Guid(287ab6d040ad8264fa00da371cb81ae1) Importer(815301076,1909f56bfc062723c751e8b465ee728b)  -> (artifact id: 'a988d24ee23fd67b4ce98ba555d6e1f1') in 0.010708 seconds 
  Import took 0.014340 seconds .

========================================================================
Received Import Request.
  Time since last request: 0.000250 seconds.
  path: Assets/Images/5.png
  artifactKey: Guid(33c7753f1e407574aa9a05c39ce37fe0) Importer(815301076,1909f56bfc062723c751e8b465ee728b)
Start importing Assets/Images/5.png using Guid(33c7753f1e407574aa9a05c39ce37fe0) Importer(815301076,1909f56bfc062723c751e8b465ee728b)  -> (artifact id: '5271f55e1c0d68945d964ecd25c344d2') in 0.009906 seconds 
  Import took 0.013695 seconds .

========================================================================
Received Import Request.
  Time since last request: 0.000243 seconds.
  path: Assets/Images/6.png
  artifactKey: Guid(4b09019e722246e4786d8bed35ecd6fe) Importer(815301076,1909f56bfc062723c751e8b465ee728b)
Start importing Assets/Images/6.png using Guid(4b09019e722246e4786d8bed35ecd6fe) Importer(815301076,1909f56bfc062723c751e8b465ee728b)  -> (artifact id: 'ffde38d7103a3883ca0cee92faa91b47') in 0.009691 seconds 
  Import took 0.012731 seconds .

========================================================================
Received Import Request.
  Time since last request: 535.267838 seconds.
  path: Assets/Images/error off.png
  artifactKey: Guid(258252573c3e4094c9a82e56e6ca39d5) Importer(815301076,1909f56bfc062723c751e8b465ee728b)
Start importing Assets/Images/error off.png using Guid(258252573c3e4094c9a82e56e6ca39d5) Importer(815301076,1909f56bfc062723c751e8b465ee728b)  -> (artifact id: 'e45118b46e48ca9e6d1600338dc486d4') in 0.016683 seconds 
  Import took 0.030341 seconds .

========================================================================
Received Import Request.
  Time since last request: 0.000280 seconds.
  path: Assets/Images/error on.png
  artifactKey: Guid(1018a64cb35e64a44a008a992fb1ce67) Importer(815301076,1909f56bfc062723c751e8b465ee728b)
Start importing Assets/Images/error on.png using Guid(1018a64cb35e64a44a008a992fb1ce67) Importer(815301076,1909f56bfc062723c751e8b465ee728b)  -> (artifact id: '3443cb261ec5d86cd063528bfe3b5bb4') in 0.011421 seconds 
  Import took 0.021033 seconds .

========================================================================
Received Prepare
Registering precompiled user dll's ...
Registered in 0.003214 seconds.
Begin MonoManager ReloadAssembly
Native extension for WindowsStandalone target not found
Refreshing native plugins compatible for Editor in 0.60 ms, found 3 plugins.
Preloading 0 native plugins for Editor in 0.00 ms.
Mono: successfully reloaded assembly
- Completed reload, in  0.946 seconds
Domain Reload Profiling:
	ReloadAssembly (947ms)
		BeginReloadAssembly (157ms)
			ExecutionOrderSort (0ms)
			DisableScriptedObjects (9ms)
			BackupInstance (0ms)
			ReleaseScriptingObjects (0ms)
			CreateAndSetChildDomain (62ms)
		EndReloadAssembly (730ms)
			LoadAssemblies (102ms)
			RebuildTransferFunctionScriptingTraits (0ms)
			SetupTypeCache (257ms)
			ReleaseScriptCaches (1ms)
			RebuildScriptCaches (37ms)
			SetupLoadedEditorAssemblies (263ms)
				LogAssemblyErrors (0ms)
				InitializePlatformSupportModulesInManaged (5ms)
				SetLoadedEditorAssemblies (0ms)
				RefreshPlugins (1ms)
				BeforeProcessingInitializeOnLoad (74ms)
				ProcessInitializeOnLoadAttributes (167ms)
				ProcessInitializeOnLoadMethodAttributes (10ms)
				AfterProcessingInitializeOnLoad (6ms)
				EditorAssembliesLoaded (0ms)
			ExecutionOrderSort2 (0ms)
			AwakeInstancesAfterBackupRestoration (8ms)
Platform modules already initialized, skipping
Refreshing native plugins compatible for Editor in 0.62 ms, found 3 plugins.
Preloading 0 native plugins for Editor in 0.00 ms.
Unloading 2208 Unused Serialized files (Serialized files now loaded: 0)
System memory in use before: 100.5 MB.
System memory in use after: 100.5 MB.

Unloading 20 unused Assets to reduce memory usage. Loaded Objects now: 2690.
Total: 3.564100 ms (FindLiveObjects: 0.252600 ms CreateObjectMapping: 0.047400 ms MarkObjects: 3.120000 ms  DeleteObjects: 0.142600 ms)

AssetImportParameters requested are different than current active one (requested -> active):
  custom:framework-win-MediaFoundation: 216162199b28c13a410421893ffa2e32 -> 
  custom:video-decoder-ogg-theora: a1e56fd34408186e4bbccfd4996cb3dc -> 
  custom:container-muxer-webm: aa71ff27fc2769a1b78a27578f13a17b -> 
  custom:container-demuxer-webm: 4f35f7cbe854078d1ac9338744f61a02 -> 
  custom:container-demuxer-ogg: 62fdf1f143b41e24485cea50d1cbac27 -> 
  custom:video-encoder-webm-vp8: eb34c28f22e8b96e1ab97ce403110664 -> 
  custom:video-decoder-webm-vp8: 9c59270c3fd7afecdb556c50c9e8de78 -> 
  custom:audio-decoder-ogg-vorbis: bf7c407c2cedff20999df2af8eb42d56 -> 
  custom:audio-encoder-webm-vorbis: bf7c407c2cedff20999df2af8eb42d56 -> 
========================================================================
Received Import Request.
  Time since last request: 82.790829 seconds.
  path: Assets/Scenes/GameScene.unity
  artifactKey: Guid(832a167749b89764988a8a1ba3fb6b07) Importer(815301076,1909f56bfc062723c751e8b465ee728b)
Start importing Assets/Scenes/GameScene.unity using Guid(832a167749b89764988a8a1ba3fb6b07) Importer(815301076,1909f56bfc062723c751e8b465ee728b)  -> (artifact id: '8cdab42a67ebc795799a3dda7cbfd5af') in 0.020127 seconds 
  Import took 0.043729 seconds .

========================================================================
Received Prepare
Registering precompiled user dll's ...
Registered in 0.002451 seconds.
Begin MonoManager ReloadAssembly
Native extension for WindowsStandalone target not found
Refreshing native plugins compatible for Editor in 0.62 ms, found 3 plugins.
Preloading 0 native plugins for Editor in 0.00 ms.
Mono: successfully reloaded assembly
- Completed reload, in  0.883 seconds
Domain Reload Profiling:
	ReloadAssembly (884ms)
		BeginReloadAssembly (110ms)
			ExecutionOrderSort (0ms)
			DisableScriptedObjects (5ms)
			BackupInstance (0ms)
			ReleaseScriptingObjects (0ms)
			CreateAndSetChildDomain (35ms)
		EndReloadAssembly (717ms)
			LoadAssemblies (87ms)
			RebuildTransferFunctionScriptingTraits (0ms)
			SetupTypeCache (249ms)
			ReleaseScriptCaches (1ms)
			RebuildScriptCaches (37ms)
			SetupLoadedEditorAssemblies (266ms)
				LogAssemblyErrors (0ms)
				InitializePlatformSupportModulesInManaged (5ms)
				SetLoadedEditorAssemblies (0ms)
				RefreshPlugins (1ms)
				BeforeProcessingInitializeOnLoad (77ms)
				ProcessInitializeOnLoadAttributes (167ms)
				ProcessInitializeOnLoadMethodAttributes (10ms)
				AfterProcessingInitializeOnLoad (7ms)
				EditorAssembliesLoaded (0ms)
			ExecutionOrderSort2 (0ms)
			AwakeInstancesAfterBackupRestoration (8ms)
Platform modules already initialized, skipping
Refreshing native plugins compatible for Editor in 0.61 ms, found 3 plugins.
Preloading 0 native plugins for Editor in 0.00 ms.
Unloading 2208 Unused Serialized files (Serialized files now loaded: 0)
System memory in use before: 100.5 MB.
System memory in use after: 100.5 MB.

Unloading 20 unused Assets to reduce memory usage. Loaded Objects now: 2692.
Total: 3.597500 ms (FindLiveObjects: 0.252500 ms CreateObjectMapping: 0.049300 ms MarkObjects: 3.158500 ms  DeleteObjects: 0.136300 ms)

AssetImportParameters requested are different than current active one (requested -> active):
  custom:framework-win-MediaFoundation: 216162199b28c13a410421893ffa2e32 -> 
  custom:video-decoder-ogg-theora: a1e56fd34408186e4bbccfd4996cb3dc -> 
  custom:container-muxer-webm: aa71ff27fc2769a1b78a27578f13a17b -> 
  custom:container-demuxer-webm: 4f35f7cbe854078d1ac9338744f61a02 -> 
  custom:container-demuxer-ogg: 62fdf1f143b41e24485cea50d1cbac27 -> 
  custom:video-encoder-webm-vp8: eb34c28f22e8b96e1ab97ce403110664 -> 
  custom:video-decoder-webm-vp8: 9c59270c3fd7afecdb556c50c9e8de78 -> 
  custom:audio-decoder-ogg-vorbis: bf7c407c2cedff20999df2af8eb42d56 -> 
  custom:audio-encoder-webm-vorbis: bf7c407c2cedff20999df2af8eb42d56 -> 
========================================================================
Received Import Request.
  Time since last request: 323.773128 seconds.
  path: Assets/Scenes/GameScene.unity
  artifactKey: Guid(832a167749b89764988a8a1ba3fb6b07) Importer(815301076,1909f56bfc062723c751e8b465ee728b)
Start importing Assets/Scenes/GameScene.unity using Guid(832a167749b89764988a8a1ba3fb6b07) Importer(815301076,1909f56bfc062723c751e8b465ee728b)  -> (artifact id: 'b82426008d4f2c0298dc91406cb7cbb6') in 0.014242 seconds 
  Import took 0.025307 seconds .

========================================================================
Received Prepare
Registering precompiled user dll's ...
Registered in 0.002427 seconds.
Begin MonoManager ReloadAssembly
Native extension for WindowsStandalone target not found
Refreshing native plugins compatible for Editor in 0.60 ms, found 3 plugins.
Preloading 0 native plugins for Editor in 0.00 ms.
Mono: successfully reloaded assembly
- Completed reload, in  0.902 seconds
Domain Reload Profiling:
	ReloadAssembly (902ms)
		BeginReloadAssembly (108ms)
			ExecutionOrderSort (0ms)
			DisableScriptedObjects (5ms)
			BackupInstance (0ms)
			ReleaseScriptingObjects (0ms)
			CreateAndSetChildDomain (34ms)
		EndReloadAssembly (737ms)
			LoadAssemblies (88ms)
			RebuildTransferFunctionScriptingTraits (0ms)
			SetupTypeCache (264ms)
			ReleaseScriptCaches (1ms)
			RebuildScriptCaches (37ms)
			SetupLoadedEditorAssemblies (267ms)
				LogAssemblyErrors (0ms)
				InitializePlatformSupportModulesInManaged (4ms)
				SetLoadedEditorAssemblies (0ms)
				RefreshPlugins (1ms)
				BeforeProcessingInitializeOnLoad (75ms)
				ProcessInitializeOnLoadAttributes (170ms)
				ProcessInitializeOnLoadMethodAttributes (9ms)
				AfterProcessingInitializeOnLoad (7ms)
				EditorAssembliesLoaded (0ms)
			ExecutionOrderSort2 (0ms)
			AwakeInstancesAfterBackupRestoration (8ms)
Platform modules already initialized, skipping
Refreshing native plugins compatible for Editor in 0.76 ms, found 3 plugins.
Preloading 0 native plugins for Editor in 0.00 ms.
Unloading 2208 Unused Serialized files (Serialized files now loaded: 0)
System memory in use before: 100.5 MB.
System memory in use after: 100.5 MB.

Unloading 20 unused Assets to reduce memory usage. Loaded Objects now: 2694.
Total: 3.513900 ms (FindLiveObjects: 0.316600 ms CreateObjectMapping: 0.075200 ms MarkObjects: 2.961400 ms  DeleteObjects: 0.159000 ms)

AssetImportParameters requested are different than current active one (requested -> active):
  custom:framework-win-MediaFoundation: 216162199b28c13a410421893ffa2e32 -> 
  custom:video-decoder-ogg-theora: a1e56fd34408186e4bbccfd4996cb3dc -> 
  custom:container-muxer-webm: aa71ff27fc2769a1b78a27578f13a17b -> 
  custom:container-demuxer-webm: 4f35f7cbe854078d1ac9338744f61a02 -> 
  custom:container-demuxer-ogg: 62fdf1f143b41e24485cea50d1cbac27 -> 
  custom:video-encoder-webm-vp8: eb34c28f22e8b96e1ab97ce403110664 -> 
  custom:video-decoder-webm-vp8: 9c59270c3fd7afecdb556c50c9e8de78 -> 
  custom:audio-decoder-ogg-vorbis: bf7c407c2cedff20999df2af8eb42d56 -> 
  custom:audio-encoder-webm-vorbis: bf7c407c2cedff20999df2af8eb42d56 -> 
========================================================================
Received Import Request.
  Time since last request: 11175.584387 seconds.
  path: Assets/Graphics/SudokuGraphics/SudokuGraphics/WinPopup/exit.png
  artifactKey: Guid(cbbc38d6cdd8f3c4d85619214e0ea933) Importer(815301076,1909f56bfc062723c751e8b465ee728b)
Start importing Assets/Graphics/SudokuGraphics/SudokuGraphics/WinPopup/exit.png using Guid(cbbc38d6cdd8f3c4d85619214e0ea933) Importer(815301076,1909f56bfc062723c751e8b465ee728b)  -> (artifact id: '135bab639405155bdfb0b2acb4aa08bc') in 0.077432 seconds 
  Import took 0.106050 seconds .

========================================================================
Received Import Request.
  Time since last request: 0.000244 seconds.
  path: Assets/Graphics/SudokuGraphics/SudokuGraphics/WinPopup/play again 1.png
  artifactKey: Guid(386185ad987c17847b9e360deae370c0) Importer(815301076,1909f56bfc062723c751e8b465ee728b)
Start importing Assets/Graphics/SudokuGraphics/SudokuGraphics/WinPopup/play again 1.png using Guid(386185ad987c17847b9e360deae370c0) Importer(815301076,1909f56bfc062723c751e8b465ee728b)  -> (artifact id: 'a7810ae03f8c7c8cc007e82c07a45b63') in 0.012563 seconds 
  Import took 0.034064 seconds .

========================================================================
Received Import Request.
  Time since last request: 186.132472 seconds.
  path: Assets/Graphics/SudokuGraphics/SudokuGraphics/WinPopup/well done.png
  artifactKey: Guid(c4483e215debafa4c8b1d41821fbfdb6) Importer(815301076,1909f56bfc062723c751e8b465ee728b)
Start importing Assets/Graphics/SudokuGraphics/SudokuGraphics/WinPopup/well done.png using Guid(c4483e215debafa4c8b1d41821fbfdb6) Importer(815301076,1909f56bfc062723c751e8b465ee728b)  -> (artifact id: 'c78c3ea18f20be15d17938e0e0272697') in 0.015507 seconds 
  Import took 0.027352 seconds .

========================================================================
Received Import Request.
  Time since last request: 263.801689 seconds.
  path: Assets/Graphics/SudokuGraphics/SudokuGraphics/WinPopup/well done.png
  artifactKey: Guid(c4483e215debafa4c8b1d41821fbfdb6) Importer(815301076,1909f56bfc062723c751e8b465ee728b)
Start importing Assets/Graphics/SudokuGraphics/SudokuGraphics/WinPopup/well done.png using Guid(c4483e215debafa4c8b1d41821fbfdb6) Importer(815301076,1909f56bfc062723c751e8b465ee728b)  -> (artifact id: '64341ecc44be2d06061b3b632461e865') in 0.017234 seconds 
  Import took 0.028811 seconds .

========================================================================
Received Import Request.
  Time since last request: 27.660532 seconds.
  path: Assets/Graphics/SudokuGraphics/SudokuGraphics/WinPopup/pause logo.png
  artifactKey: Guid(b0a6d11974d8a2f4b870a3c4877ba9fb) Importer(815301076,1909f56bfc062723c751e8b465ee728b)
Start importing Assets/Graphics/SudokuGraphics/SudokuGraphics/WinPopup/pause logo.png using Guid(b0a6d11974d8a2f4b870a3c4877ba9fb) Importer(815301076,1909f56bfc062723c751e8b465ee728b)  -> (artifact id: 'a45134ba510aecf93a0d0f43b2b4b077') in 0.015302 seconds 
  Import took 0.029095 seconds .

========================================================================
Received Import Request.
  Time since last request: 9.746326 seconds.
  path: Assets/Graphics/SudokuGraphics/SudokuGraphics/WinPopup/continue.png
  artifactKey: Guid(89b5841717bffcb48a30522051673299) Importer(815301076,1909f56bfc062723c751e8b465ee728b)
Start importing Assets/Graphics/SudokuGraphics/SudokuGraphics/WinPopup/continue.png using Guid(89b5841717bffcb48a30522051673299) Importer(815301076,1909f56bfc062723c751e8b465ee728b)  -> (artifact id: 'ed47f13cd9fb1df375be3766e7f7e4dc') in 0.012868 seconds 
  Import took 0.016578 seconds .

========================================================================
Received Import Request.
  Time since last request: 82.842717 seconds.
  path: Assets/Graphics/SudokuGraphics/SudokuGraphics/WinPopup/oh no.png
  artifactKey: Guid(03af1b933ebcae94cb199d4f617fe840) Importer(815301076,1909f56bfc062723c751e8b465ee728b)
Start importing Assets/Graphics/SudokuGraphics/SudokuGraphics/WinPopup/oh no.png using Guid(03af1b933ebcae94cb199d4f617fe840) Importer(815301076,1909f56bfc062723c751e8b465ee728b)  -> (artifact id: 'c7febc9db9741b8e2df834dfeaf5063a') in 0.013065 seconds 
  Import took 0.023333 seconds .

========================================================================
Received Import Request.
  Time since last request: 61.986001 seconds.
  path: Assets/Scenes/GameScene.unity
  artifactKey: Guid(832a167749b89764988a8a1ba3fb6b07) Importer(815301076,1909f56bfc062723c751e8b465ee728b)
Start importing Assets/Scenes/GameScene.unity using Guid(832a167749b89764988a8a1ba3fb6b07) Importer(815301076,1909f56bfc062723c751e8b465ee728b)  -> (artifact id: '703bcedce33d1f88727b056b251d9551') in 0.006196 seconds 
  Import took 0.026433 seconds .

========================================================================
Received Prepare
Registering precompiled user dll's ...
Registered in 0.002443 seconds.
Begin MonoManager ReloadAssembly
Native extension for WindowsStandalone target not found
Refreshing native plugins compatible for Editor in 1.53 ms, found 3 plugins.
Preloading 0 native plugins for Editor in 0.00 ms.
Mono: successfully reloaded assembly
- Completed reload, in  0.995 seconds
Domain Reload Profiling:
	ReloadAssembly (995ms)
		BeginReloadAssembly (130ms)
			ExecutionOrderSort (0ms)
			DisableScriptedObjects (6ms)
			BackupInstance (0ms)
			ReleaseScriptingObjects (0ms)
			CreateAndSetChildDomain (47ms)
		EndReloadAssembly (804ms)
			LoadAssemblies (104ms)
			RebuildTransferFunctionScriptingTraits (0ms)
			SetupTypeCache (265ms)
			ReleaseScriptCaches (2ms)
			RebuildScriptCaches (42ms)
			SetupLoadedEditorAssemblies (286ms)
				LogAssemblyErrors (0ms)
				InitializePlatformSupportModulesInManaged (6ms)
				SetLoadedEditorAssemblies (1ms)
				RefreshPlugins (2ms)
				BeforeProcessingInitializeOnLoad (82ms)
				ProcessInitializeOnLoadAttributes (179ms)
				ProcessInitializeOnLoadMethodAttributes (10ms)
				AfterProcessingInitializeOnLoad (7ms)
				EditorAssembliesLoaded (0ms)
			ExecutionOrderSort2 (0ms)
			AwakeInstancesAfterBackupRestoration (7ms)
Platform modules already initialized, skipping
Refreshing native plugins compatible for Editor in 0.65 ms, found 3 plugins.
Preloading 0 native plugins for Editor in 0.00 ms.
Unloading 2208 Unused Serialized files (Serialized files now loaded: 0)
System memory in use before: 100.6 MB.
System memory in use after: 100.5 MB.

Unloading 20 unused Assets to reduce memory usage. Loaded Objects now: 2703.
Total: 3.273800 ms (FindLiveObjects: 0.246100 ms CreateObjectMapping: 0.048100 ms MarkObjects: 2.825700 ms  DeleteObjects: 0.152700 ms)

AssetImportParameters requested are different than current active one (requested -> active):
  custom:framework-win-MediaFoundation: 216162199b28c13a410421893ffa2e32 -> 
  custom:video-decoder-ogg-theora: a1e56fd34408186e4bbccfd4996cb3dc -> 
  custom:container-muxer-webm: aa71ff27fc2769a1b78a27578f13a17b -> 
  custom:container-demuxer-webm: 4f35f7cbe854078d1ac9338744f61a02 -> 
  custom:container-demuxer-ogg: 62fdf1f143b41e24485cea50d1cbac27 -> 
  custom:video-encoder-webm-vp8: eb34c28f22e8b96e1ab97ce403110664 -> 
  custom:video-decoder-webm-vp8: 9c59270c3fd7afecdb556c50c9e8de78 -> 
  custom:audio-decoder-ogg-vorbis: bf7c407c2cedff20999df2af8eb42d56 -> 
  custom:audio-encoder-webm-vorbis: bf7c407c2cedff20999df2af8eb42d56 -> 
========================================================================
Received Prepare
Registering precompiled user dll's ...
Registered in 0.002451 seconds.
Begin MonoManager ReloadAssembly
Native extension for WindowsStandalone target not found
Refreshing native plugins compatible for Editor in 0.64 ms, found 3 plugins.
Preloading 0 native plugins for Editor in 0.00 ms.
Mono: successfully reloaded assembly
- Completed reload, in  0.898 seconds
Domain Reload Profiling:
	ReloadAssembly (898ms)
		BeginReloadAssembly (106ms)
			ExecutionOrderSort (0ms)
			DisableScriptedObjects (5ms)
			BackupInstance (0ms)
			ReleaseScriptingObjects (0ms)
			CreateAndSetChildDomain (33ms)
		EndReloadAssembly (735ms)
			LoadAssemblies (84ms)
			RebuildTransferFunctionScriptingTraits (0ms)
			SetupTypeCache (255ms)
			ReleaseScriptCaches (1ms)
			RebuildScriptCaches (40ms)
			SetupLoadedEditorAssemblies (272ms)
				LogAssemblyErrors (0ms)
				InitializePlatformSupportModulesInManaged (4ms)
				SetLoadedEditorAssemblies (0ms)
				RefreshPlugins (1ms)
				BeforeProcessingInitializeOnLoad (76ms)
				ProcessInitializeOnLoadAttributes (175ms)
				ProcessInitializeOnLoadMethodAttributes (10ms)
				AfterProcessingInitializeOnLoad (6ms)
				EditorAssembliesLoaded (0ms)
			ExecutionOrderSort2 (0ms)
			AwakeInstancesAfterBackupRestoration (8ms)
Platform modules already initialized, skipping
Refreshing native plugins compatible for Editor in 0.64 ms, found 3 plugins.
Preloading 0 native plugins for Editor in 0.00 ms.
Unloading 2208 Unused Serialized files (Serialized files now loaded: 0)
System memory in use before: 100.5 MB.
System memory in use after: 100.5 MB.

Unloading 20 unused Assets to reduce memory usage. Loaded Objects now: 2705.
Total: 4.026600 ms (FindLiveObjects: 0.452800 ms CreateObjectMapping: 0.074800 ms MarkObjects: 3.154700 ms  DeleteObjects: 0.342500 ms)

AssetImportParameters requested are different than current active one (requested -> active):
  custom:framework-win-MediaFoundation: 216162199b28c13a410421893ffa2e32 -> 
  custom:video-decoder-ogg-theora: a1e56fd34408186e4bbccfd4996cb3dc -> 
  custom:container-muxer-webm: aa71ff27fc2769a1b78a27578f13a17b -> 
  custom:container-demuxer-webm: 4f35f7cbe854078d1ac9338744f61a02 -> 
  custom:container-demuxer-ogg: 62fdf1f143b41e24485cea50d1cbac27 -> 
  custom:video-encoder-webm-vp8: eb34c28f22e8b96e1ab97ce403110664 -> 
  custom:video-decoder-webm-vp8: 9c59270c3fd7afecdb556c50c9e8de78 -> 
  custom:audio-decoder-ogg-vorbis: bf7c407c2cedff20999df2af8eb42d56 -> 
  custom:audio-encoder-webm-vorbis: bf7c407c2cedff20999df2af8eb42d56 -> 
========================================================================
Received Prepare
Registering precompiled user dll's ...
Registered in 0.003686 seconds.
Begin MonoManager ReloadAssembly
Native extension for WindowsStandalone target not found
Refreshing native plugins compatible for Editor in 0.76 ms, found 3 plugins.
Preloading 0 native plugins for Editor in 0.00 ms.
Mono: successfully reloaded assembly
- Completed reload, in  1.000 seconds
Domain Reload Profiling:
	ReloadAssembly (1001ms)
		BeginReloadAssembly (122ms)
			ExecutionOrderSort (0ms)
			DisableScriptedObjects (7ms)
			BackupInstance (0ms)
			ReleaseScriptingObjects (0ms)
			CreateAndSetChildDomain (37ms)
		EndReloadAssembly (813ms)
			LoadAssemblies (100ms)
			RebuildTransferFunctionScriptingTraits (0ms)
			SetupTypeCache (278ms)
			ReleaseScriptCaches (1ms)
			RebuildScriptCaches (41ms)
			SetupLoadedEditorAssemblies (309ms)
				LogAssemblyErrors (0ms)
				InitializePlatformSupportModulesInManaged (4ms)
				SetLoadedEditorAssemblies (0ms)
				RefreshPlugins (1ms)
				BeforeProcessingInitializeOnLoad (92ms)
				ProcessInitializeOnLoadAttributes (193ms)
				ProcessInitializeOnLoadMethodAttributes (11ms)
				AfterProcessingInitializeOnLoad (7ms)
				EditorAssembliesLoaded (0ms)
			ExecutionOrderSort2 (0ms)
			AwakeInstancesAfterBackupRestoration (9ms)
Platform modules already initialized, skipping
Refreshing native plugins compatible for Editor in 0.60 ms, found 3 plugins.
Preloading 0 native plugins for Editor in 0.00 ms.
Unloading 2208 Unused Serialized files (Serialized files now loaded: 0)
System memory in use before: 100.5 MB.
System memory in use after: 100.5 MB.

Unloading 20 unused Assets to reduce memory usage. Loaded Objects now: 2707.
Total: 4.094900 ms (FindLiveObjects: 0.236600 ms CreateObjectMapping: 0.048800 ms MarkObjects: 3.577500 ms  DeleteObjects: 0.229700 ms)

AssetImportParameters requested are different than current active one (requested -> active):
  custom:framework-win-MediaFoundation: 216162199b28c13a410421893ffa2e32 -> 
  custom:video-decoder-ogg-theora: a1e56fd34408186e4bbccfd4996cb3dc -> 
  custom:container-muxer-webm: aa71ff27fc2769a1b78a27578f13a17b -> 
  custom:container-demuxer-webm: 4f35f7cbe854078d1ac9338744f61a02 -> 
  custom:container-demuxer-ogg: 62fdf1f143b41e24485cea50d1cbac27 -> 
  custom:video-encoder-webm-vp8: eb34c28f22e8b96e1ab97ce403110664 -> 
  custom:video-decoder-webm-vp8: 9c59270c3fd7afecdb556c50c9e8de78 -> 
  custom:audio-decoder-ogg-vorbis: bf7c407c2cedff20999df2af8eb42d56 -> 
  custom:audio-encoder-webm-vorbis: bf7c407c2cedff20999df2af8eb42d56 -> 
========================================================================
Received Prepare
Registering precompiled user dll's ...
Registered in 0.002622 seconds.
Begin MonoManager ReloadAssembly
Native extension for WindowsStandalone target not found
Refreshing native plugins compatible for Editor in 0.61 ms, found 3 plugins.
Preloading 0 native plugins for Editor in 0.00 ms.
Mono: successfully reloaded assembly
- Completed reload, in  1.097 seconds
Domain Reload Profiling:
	ReloadAssembly (1097ms)
		BeginReloadAssembly (121ms)
			ExecutionOrderSort (0ms)
			DisableScriptedObjects (6ms)
			BackupInstance (0ms)
			ReleaseScriptingObjects (0ms)
			CreateAndSetChildDomain (38ms)
		EndReloadAssembly (907ms)
			LoadAssemblies (98ms)
			RebuildTransferFunctionScriptingTraits (0ms)
			SetupTypeCache (350ms)
			ReleaseScriptCaches (1ms)
			RebuildScriptCaches (46ms)
			SetupLoadedEditorAssemblies (323ms)
				LogAssemblyErrors (0ms)
				InitializePlatformSupportModulesInManaged (5ms)
				SetLoadedEditorAssemblies (0ms)
				RefreshPlugins (1ms)
				BeforeProcessingInitializeOnLoad (97ms)
				ProcessInitializeOnLoadAttributes (200ms)
				ProcessInitializeOnLoadMethodAttributes (12ms)
				AfterProcessingInitializeOnLoad (7ms)
				EditorAssembliesLoaded (0ms)
			ExecutionOrderSort2 (0ms)
			AwakeInstancesAfterBackupRestoration (9ms)
Platform modules already initialized, skipping
Refreshing native plugins compatible for Editor in 0.62 ms, found 3 plugins.
Preloading 0 native plugins for Editor in 0.00 ms.
Unloading 2208 Unused Serialized files (Serialized files now loaded: 0)
System memory in use before: 100.5 MB.
System memory in use after: 100.5 MB.

Unloading 20 unused Assets to reduce memory usage. Loaded Objects now: 2709.
Total: 3.652800 ms (FindLiveObjects: 0.304000 ms CreateObjectMapping: 0.052500 ms MarkObjects: 3.101100 ms  DeleteObjects: 0.193800 ms)

AssetImportParameters requested are different than current active one (requested -> active):
  custom:framework-win-MediaFoundation: 216162199b28c13a410421893ffa2e32 -> 
  custom:video-decoder-ogg-theora: a1e56fd34408186e4bbccfd4996cb3dc -> 
  custom:container-muxer-webm: aa71ff27fc2769a1b78a27578f13a17b -> 
  custom:container-demuxer-webm: 4f35f7cbe854078d1ac9338744f61a02 -> 
  custom:container-demuxer-ogg: 62fdf1f143b41e24485cea50d1cbac27 -> 
  custom:video-encoder-webm-vp8: eb34c28f22e8b96e1ab97ce403110664 -> 
  custom:video-decoder-webm-vp8: 9c59270c3fd7afecdb556c50c9e8de78 -> 
  custom:audio-decoder-ogg-vorbis: bf7c407c2cedff20999df2af8eb42d56 -> 
  custom:audio-encoder-webm-vorbis: bf7c407c2cedff20999df2af8eb42d56 -> 
========================================================================
Received Import Request.
  Time since last request: 884.086877 seconds.
  path: Assets/Scenes/GameScene.unity
  artifactKey: Guid(832a167749b89764988a8a1ba3fb6b07) Importer(815301076,1909f56bfc062723c751e8b465ee728b)
Start importing Assets/Scenes/GameScene.unity using Guid(832a167749b89764988a8a1ba3fb6b07) Importer(815301076,1909f56bfc062723c751e8b465ee728b)  -> (artifact id: '9d299071bc9231e480f814609ada46d5') in 0.022793 seconds 
  Import took 0.039640 seconds .

========================================================================
Received Prepare
Registering precompiled user dll's ...
Registered in 0.002781 seconds.
Begin MonoManager ReloadAssembly
Native extension for WindowsStandalone target not found
Refreshing native plugins compatible for Editor in 0.93 ms, found 3 plugins.
Preloading 0 native plugins for Editor in 0.00 ms.
Mono: successfully reloaded assembly
- Completed reload, in  1.004 seconds
Domain Reload Profiling:
	ReloadAssembly (1005ms)
		BeginReloadAssembly (126ms)
			ExecutionOrderSort (0ms)
			DisableScriptedObjects (6ms)
			BackupInstance (0ms)
			ReleaseScriptingObjects (0ms)
			CreateAndSetChildDomain (42ms)
		EndReloadAssembly (810ms)
			LoadAssemblies (98ms)
			RebuildTransferFunctionScriptingTraits (0ms)
			SetupTypeCache (277ms)
			ReleaseScriptCaches (1ms)
			RebuildScriptCaches (42ms)
			SetupLoadedEditorAssemblies (305ms)
				LogAssemblyErrors (0ms)
				InitializePlatformSupportModulesInManaged (5ms)
				SetLoadedEditorAssemblies (1ms)
				RefreshPlugins (1ms)
				BeforeProcessingInitializeOnLoad (87ms)
				ProcessInitializeOnLoadAttributes (192ms)
				ProcessInitializeOnLoadMethodAttributes (12ms)
				AfterProcessingInitializeOnLoad (7ms)
				EditorAssembliesLoaded (0ms)
			ExecutionOrderSort2 (0ms)
			AwakeInstancesAfterBackupRestoration (9ms)
Platform modules already initialized, skipping
Refreshing native plugins compatible for Editor in 0.65 ms, found 3 plugins.
Preloading 0 native plugins for Editor in 0.00 ms.
Unloading 2208 Unused Serialized files (Serialized files now loaded: 0)
System memory in use before: 100.6 MB.
System memory in use after: 100.6 MB.

Unloading 20 unused Assets to reduce memory usage. Loaded Objects now: 2711.
Total: 4.745100 ms (FindLiveObjects: 0.253300 ms CreateObjectMapping: 0.048600 ms MarkObjects: 4.274200 ms  DeleteObjects: 0.167800 ms)

AssetImportParameters requested are different than current active one (requested -> active):
  custom:framework-win-MediaFoundation: 216162199b28c13a410421893ffa2e32 -> 
  custom:video-decoder-ogg-theora: a1e56fd34408186e4bbccfd4996cb3dc -> 
  custom:container-muxer-webm: aa71ff27fc2769a1b78a27578f13a17b -> 
  custom:container-demuxer-webm: 4f35f7cbe854078d1ac9338744f61a02 -> 
  custom:container-demuxer-ogg: 62fdf1f143b41e24485cea50d1cbac27 -> 
  custom:video-encoder-webm-vp8: eb34c28f22e8b96e1ab97ce403110664 -> 
  custom:video-decoder-webm-vp8: 9c59270c3fd7afecdb556c50c9e8de78 -> 
  custom:audio-decoder-ogg-vorbis: bf7c407c2cedff20999df2af8eb42d56 -> 
  custom:audio-encoder-webm-vorbis: bf7c407c2cedff20999df2af8eb42d56 -> 
========================================================================
Received Import Request.
  Time since last request: 58.396000 seconds.
  path: Assets/Scenes/GameScene.unity
  artifactKey: Guid(832a167749b89764988a8a1ba3fb6b07) Importer(815301076,1909f56bfc062723c751e8b465ee728b)
Start importing Assets/Scenes/GameScene.unity using Guid(832a167749b89764988a8a1ba3fb6b07) Importer(815301076,1909f56bfc062723c751e8b465ee728b)  -> (artifact id: '86a4d4a803864f95f284c1065a173c6b') in 0.012856 seconds 
  Import took 0.034073 seconds .

========================================================================
Received Prepare
Registering precompiled user dll's ...
Registered in 0.002855 seconds.
Begin MonoManager ReloadAssembly
Native extension for WindowsStandalone target not found
Refreshing native plugins compatible for Editor in 1.16 ms, found 3 plugins.
Preloading 0 native plugins for Editor in 0.00 ms.
Mono: successfully reloaded assembly
- Completed reload, in  1.026 seconds
Domain Reload Profiling:
	ReloadAssembly (1026ms)
		BeginReloadAssembly (123ms)
			ExecutionOrderSort (0ms)
			DisableScriptedObjects (6ms)
			BackupInstance (0ms)
			ReleaseScriptingObjects (0ms)
			CreateAndSetChildDomain (39ms)
		EndReloadAssembly (838ms)
			LoadAssemblies (101ms)
			RebuildTransferFunctionScriptingTraits (0ms)
			SetupTypeCache (287ms)
			ReleaseScriptCaches (1ms)
			RebuildScriptCaches (45ms)
			SetupLoadedEditorAssemblies (309ms)
				LogAssemblyErrors (0ms)
				InitializePlatformSupportModulesInManaged (4ms)
				SetLoadedEditorAssemblies (1ms)
				RefreshPlugins (1ms)
				BeforeProcessingInitializeOnLoad (87ms)
				ProcessInitializeOnLoadAttributes (197ms)
				ProcessInitializeOnLoadMethodAttributes (12ms)
				AfterProcessingInitializeOnLoad (7ms)
				EditorAssembliesLoaded (0ms)
			ExecutionOrderSort2 (0ms)
			AwakeInstancesAfterBackupRestoration (8ms)
Platform modules already initialized, skipping
Refreshing native plugins compatible for Editor in 0.75 ms, found 3 plugins.
Preloading 0 native plugins for Editor in 0.00 ms.
Unloading 2208 Unused Serialized files (Serialized files now loaded: 0)
System memory in use before: 100.6 MB.
System memory in use after: 100.6 MB.

Unloading 20 unused Assets to reduce memory usage. Loaded Objects now: 2713.
Total: 3.836300 ms (FindLiveObjects: 0.284100 ms CreateObjectMapping: 0.049700 ms MarkObjects: 3.348000 ms  DeleteObjects: 0.153000 ms)

AssetImportParameters requested are different than current active one (requested -> active):
  custom:framework-win-MediaFoundation: 216162199b28c13a410421893ffa2e32 -> 
  custom:video-decoder-ogg-theora: a1e56fd34408186e4bbccfd4996cb3dc -> 
  custom:container-muxer-webm: aa71ff27fc2769a1b78a27578f13a17b -> 
  custom:container-demuxer-webm: 4f35f7cbe854078d1ac9338744f61a02 -> 
  custom:container-demuxer-ogg: 62fdf1f143b41e24485cea50d1cbac27 -> 
  custom:video-encoder-webm-vp8: eb34c28f22e8b96e1ab97ce403110664 -> 
  custom:video-decoder-webm-vp8: 9c59270c3fd7afecdb556c50c9e8de78 -> 
  custom:audio-decoder-ogg-vorbis: bf7c407c2cedff20999df2af8eb42d56 -> 
  custom:audio-encoder-webm-vorbis: bf7c407c2cedff20999df2af8eb42d56 -> 
AssetImportWorkerClient::OnTransportError - code=2 error=End of file
